<?xml version="1.0" encoding="UTF-8"?>
<!-- Generated by org.testng.reporters.JUnitXMLReporter -->
<testsuite hostname="vend-jahanzaib" failures="0" tests="6" name="Login And Logout" time="0.034" errors="0" timestamp="16 Nov 2020 15:14:18 GMT">
  <testcase classname="testcases.LoginTests" name="@BeforeSuite beforesuite" time="0.0">
    <failure type="org.openqa.selenium.SessionNotCreatedException" message="session not created: This version of ChromeDriver only supports Chrome version 83
  (Driver info: chromedriver=83.0.4103.39 (ccbf011cb2d2b19b506d844400483861342c20cd-refs/branch-heads/4103@{#416}),platform=Linux 5.4.0-52-generic x86_64) (WARNING: The server did not provide any stacktrace information)
Command duration or timeout: 558 milliseconds
Build info: version: &amp;apos;2.45.0&amp;apos;, revision: &amp;apos;5017cb8e7ca8e37638dc3091b2440b90a1d8686f&amp;apos;, time: &amp;apos;2015-02-27 09:10:26&amp;apos;
System info: host: &amp;apos;vend-jahanzaib&amp;apos;, ip: &amp;apos;192.168.100.7&amp;apos;, os.name: &amp;apos;Linux&amp;apos;, os.arch: &amp;apos;amd64&amp;apos;, os.version: &amp;apos;5.4.0-52-generic&amp;apos;, java.version: &amp;apos;15&amp;apos;
Driver info: org.openqa.selenium.chrome.ChromeDriver">
      <![CDATA[org.openqa.selenium.SessionNotCreatedException: session not created: This version of ChromeDriver only supports Chrome version 83
  (Driver info: chromedriver=83.0.4103.39 (ccbf011cb2d2b19b506d844400483861342c20cd-refs/branch-heads/4103@{#416}),platform=Linux 5.4.0-52-generic x86_64) (WARNING: The server did not provide any stacktrace information)
Command duration or timeout: 558 milliseconds
Build info: version: '2.45.0', revision: '5017cb8e7ca8e37638dc3091b2440b90a1d8686f', time: '2015-02-27 09:10:26'
System info: host: 'vend-jahanzaib', ip: '192.168.100.7', os.name: 'Linux', os.arch: 'amd64', os.version: '5.4.0-52-generic', java.version: '15'
Driver info: org.openqa.selenium.chrome.ChromeDriver
	at org.openqa.selenium.remote.ErrorHandler.createThrowable(ErrorHandler.java:204)
	at org.openqa.selenium.remote.ErrorHandler.throwIfResponseFailed(ErrorHandler.java:156)
	at org.openqa.selenium.remote.RemoteWebDriver.execute(RemoteWebDriver.java:599)
	at org.openqa.selenium.remote.RemoteWebDriver.startSession(RemoteWebDriver.java:240)
	at org.openqa.selenium.remote.RemoteWebDriver.<init>(RemoteWebDriver.java:126)
	at org.openqa.selenium.remote.RemoteWebDriver.<init>(RemoteWebDriver.java:139)
	at org.openqa.selenium.chrome.ChromeDriver.<init>(ChromeDriver.java:171)
	at org.openqa.selenium.chrome.ChromeDriver.<init>(ChromeDriver.java:160)
	at org.openqa.selenium.chrome.ChromeDriver.<init>(ChromeDriver.java:149)
	at general.WebDriverFactory.getInstance(WebDriverFactory.java:56)
	at general.BaseTest.beforesuite(BaseTest.java:69)
... Removed 32 stack frames]]>
    </failure>
  </testcase> <!-- @BeforeSuite beforesuite -->
  <testcase classname="testcases.LoginTests" name="@BeforeMethod beforeTest" time="0.0">
    <skipped/>
  </testcase> <!-- @BeforeMethod beforeTest -->
  <testcase classname="testcases.LoginTests" name="@AfterMethod QuitDriver" time="0.0">
    <skipped/>
  </testcase> <!-- @AfterMethod QuitDriver -->
  <testcase classname="testcases.LoginTests" name="@BeforeMethod beforeTest" time="0.0">
    <skipped/>
  </testcase> <!-- @BeforeMethod beforeTest -->
  <testcase classname="testcases.LoginTests" name="@AfterMethod QuitDriver" time="0.0">
    <skipped/>
  </testcase> <!-- @AfterMethod QuitDriver -->
  <testcase classname="testcases.LoginTests" name="@BeforeMethod beforeTest" time="0.0">
    <skipped/>
  </testcase> <!-- @BeforeMethod beforeTest -->
  <testcase classname="testcases.LoginTests" name="@AfterMethod QuitDriver" time="0.0">
    <skipped/>
  </testcase> <!-- @AfterMethod QuitDriver -->
  <testcase classname="testcases.TrainingSession" name="@BeforeMethod beforeTest" time="0.0">
    <skipped/>
  </testcase> <!-- @BeforeMethod beforeTest -->
  <testcase classname="testcases.TrainingSession" name="@AfterMethod QuitDriver" time="0.0">
    <skipped/>
  </testcase> <!-- @AfterMethod QuitDriver -->
  <testcase classname="testcases.TrainingSession" name="@BeforeMethod beforeTest" time="0.0">
    <skipped/>
  </testcase> <!-- @BeforeMethod beforeTest -->
  <testcase classname="testcases.TrainingSession" name="@AfterMethod QuitDriver" time="0.0">
    <skipped/>
  </testcase> <!-- @AfterMethod QuitDriver -->
  <testcase classname="testcases.TrainingSession" name="@BeforeMethod beforeTest" time="0.0">
    <skipped/>
  </testcase> <!-- @BeforeMethod beforeTest -->
  <testcase classname="testcases.TrainingSession" name="@AfterMethod QuitDriver" time="0.0">
    <skipped/>
  </testcase> <!-- @AfterMethod QuitDriver -->
  <testcase classname="testcases.LoginTests" name="loginIntoApplication" time="0.0">
    <skipped/>
  </testcase> <!-- loginIntoApplication -->
  <testcase classname="testcases.LoginTests" name="Scrolling" time="0.0">
    <skipped/>
  </testcase> <!-- Scrolling -->
  <testcase classname="testcases.LoginTests" name="ListBoxDemo" time="0.003">
    <skipped/>
  </testcase> <!-- ListBoxDemo -->
  <testcase classname="testcases.TrainingSession" name="AlertWindow" time="0.0">
    <skipped/>
  </testcase> <!-- AlertWindow -->
  <testcase classname="testcases.TrainingSession" name="Slider" time="0.0">
    <skipped/>
  </testcase> <!-- Slider -->
  <testcase classname="testcases.TrainingSession" name="JavaScriptAlert" time="0.0">
    <skipped/>
  </testcase> <!-- JavaScriptAlert -->
</testsuite> <!-- Login And Logout -->
