<html>
<head>
<title>TestNG:  Login And Logout</title>
<link href="../testng.css" rel="stylesheet" type="text/css" />
<link href="../my-testng.css" rel="stylesheet" type="text/css" />

<style type="text/css">
.log { display: none;} 
.stack-trace { display: none;} 
</style>
<script type="text/javascript">
<!--
function flip(e) {
  current = e.style.display;
  if (current == 'block') {
    e.style.display = 'none';
    return 0;
  }
  else {
    e.style.display = 'block';
    return 1;
  }
}

function toggleBox(szDivId, elem, msg1, msg2)
{
  var res = -1;  if (document.getElementById) {
    res = flip(document.getElementById(szDivId));
  }
  else if (document.all) {
    // this is the way old msie versions work
    res = flip(document.all[szDivId]);
  }
  if(elem) {
    if(res == 0) elem.innerHTML = msg1; else elem.innerHTML = msg2;
  }

}

function toggleAllBoxes() {
  if (document.getElementsByTagName) {
    d = document.getElementsByTagName('div');
    for (i = 0; i < d.length; i++) {
      if (d[i].className == 'log') {
        flip(d[i]);
      }
    }
  }
}

// -->
</script>

</head>
<body>
<h2 align='center'>Login And Logout</h2><table border='1' align="center">
<tr>
<td>Tests passed/Failed/Skipped:</td><td>0/0/6</td>
</tr><tr>
<td>Started on:</td><td>Mon Nov 16 20:14:18 PKT 2020</td>
</tr>
<tr><td>Total time:</td><td>0 seconds (34 ms)</td>
</tr><tr>
<td>Included groups:</td><td></td>
</tr><tr>
<td>Excluded groups:</td><td></td>
</tr>
</table><p/>
<small><i>(Hover the method name to see the test class name)</i></small><p/>
<table width='100%' border='1' class='invocation-failed'>
<tr><td colspan='4' align='center'><b>FAILED CONFIGURATIONS</b></td></tr>
<tr><td><b>Test method</b></td>
<td width="30%"><b>Exception</b></td>
<td width="10%"><b>Time (seconds)</b></td>
<td><b>Instance</b></td>
</tr>
<tr>
<td title='testcases.LoginTests.beforesuite()'><b>beforesuite</b><br>Test class: testcases.LoginTests<br>Parameters: org.testng.TestRunner@5c92166b</td>
<td><div><pre>org.openqa.selenium.SessionNotCreatedException: session not created: This version of ChromeDriver only supports Chrome version 83
  (Driver info: chromedriver=83.0.4103.39 (ccbf011cb2d2b19b506d844400483861342c20cd-refs/branch-heads/4103@{#416}),platform=Linux 5.4.0-52-generic x86_64) (WARNING: The server did not provide any stacktrace information)
Command duration or timeout: 558 milliseconds
Build info: version: &apos;2.45.0&apos;, revision: &apos;5017cb8e7ca8e37638dc3091b2440b90a1d8686f&apos;, time: &apos;2015-02-27 09:10:26&apos;
System info: host: &apos;vend-jahanzaib&apos;, ip: &apos;192.168.100.7&apos;, os.name: &apos;Linux&apos;, os.arch: &apos;amd64&apos;, os.version: &apos;5.4.0-52-generic&apos;, java.version: &apos;15&apos;
Driver info: org.openqa.selenium.chrome.ChromeDriver
	at org.openqa.selenium.remote.ErrorHandler.createThrowable(ErrorHandler.java:204)
	at org.openqa.selenium.remote.ErrorHandler.throwIfResponseFailed(ErrorHandler.java:156)
	at org.openqa.selenium.remote.RemoteWebDriver.execute(RemoteWebDriver.java:599)
	at org.openqa.selenium.remote.RemoteWebDriver.startSession(RemoteWebDriver.java:240)
	at org.openqa.selenium.remote.RemoteWebDriver.&lt;init&gt;(RemoteWebDriver.java:126)
	at org.openqa.selenium.remote.RemoteWebDriver.&lt;init&gt;(RemoteWebDriver.java:139)
	at org.openqa.selenium.chrome.ChromeDriver.&lt;init&gt;(ChromeDriver.java:171)
	at org.openqa.selenium.chrome.ChromeDriver.&lt;init&gt;(ChromeDriver.java:160)
	at org.openqa.selenium.chrome.ChromeDriver.&lt;init&gt;(ChromeDriver.java:149)
	at general.WebDriverFactory.getInstance(WebDriverFactory.java:56)
	at general.BaseTest.beforesuite(BaseTest.java:69)
... Removed 32 stack frames</pre></div><a href='#' onClick='toggleBox("stack-trace1991386317", this, "Click to show all stack frames", "Click to hide stack frames")'>Click to show all stack frames</a>
<div class='stack-trace' id='stack-trace1991386317'><pre>org.openqa.selenium.SessionNotCreatedException: session not created: This version of ChromeDriver only supports Chrome version 83
  (Driver info: chromedriver=83.0.4103.39 (ccbf011cb2d2b19b506d844400483861342c20cd-refs/branch-heads/4103@{#416}),platform=Linux 5.4.0-52-generic x86_64) (WARNING: The server did not provide any stacktrace information)
Command duration or timeout: 558 milliseconds
Build info: version: &apos;2.45.0&apos;, revision: &apos;5017cb8e7ca8e37638dc3091b2440b90a1d8686f&apos;, time: &apos;2015-02-27 09:10:26&apos;
System info: host: &apos;vend-jahanzaib&apos;, ip: &apos;192.168.100.7&apos;, os.name: &apos;Linux&apos;, os.arch: &apos;amd64&apos;, os.version: &apos;5.4.0-52-generic&apos;, java.version: &apos;15&apos;
Driver info: org.openqa.selenium.chrome.ChromeDriver
	at java.base/jdk.internal.reflect.NativeConstructorAccessorImpl.newInstance0(Native Method)
	at java.base/jdk.internal.reflect.NativeConstructorAccessorImpl.newInstance(NativeConstructorAccessorImpl.java:64)
	at java.base/jdk.internal.reflect.DelegatingConstructorAccessorImpl.newInstance(DelegatingConstructorAccessorImpl.java:45)
	at java.base/java.lang.reflect.Constructor.newInstanceWithCaller(Constructor.java:500)
	at java.base/java.lang.reflect.Constructor.newInstance(Constructor.java:481)
	at org.openqa.selenium.remote.ErrorHandler.createThrowable(ErrorHandler.java:204)
	at org.openqa.selenium.remote.ErrorHandler.throwIfResponseFailed(ErrorHandler.java:156)
	at org.openqa.selenium.remote.RemoteWebDriver.execute(RemoteWebDriver.java:599)
	at org.openqa.selenium.remote.RemoteWebDriver.startSession(RemoteWebDriver.java:240)
	at org.openqa.selenium.remote.RemoteWebDriver.&lt;init&gt;(RemoteWebDriver.java:126)
	at org.openqa.selenium.remote.RemoteWebDriver.&lt;init&gt;(RemoteWebDriver.java:139)
	at org.openqa.selenium.chrome.ChromeDriver.&lt;init&gt;(ChromeDriver.java:171)
	at org.openqa.selenium.chrome.ChromeDriver.&lt;init&gt;(ChromeDriver.java:160)
	at org.openqa.selenium.chrome.ChromeDriver.&lt;init&gt;(ChromeDriver.java:149)
	at general.WebDriverFactory.getInstance(WebDriverFactory.java:56)
	at general.BaseTest.beforesuite(BaseTest.java:69)
	at java.base/jdk.internal.reflect.NativeMethodAccessorImpl.invoke0(Native Method)
	at java.base/jdk.internal.reflect.NativeMethodAccessorImpl.invoke(NativeMethodAccessorImpl.java:64)
	at java.base/jdk.internal.reflect.DelegatingMethodAccessorImpl.invoke(DelegatingMethodAccessorImpl.java:43)
	at java.base/java.lang.reflect.Method.invoke(Method.java:564)
	at org.testng.internal.MethodInvocationHelper.invokeMethod(MethodInvocationHelper.java:86)
	at org.testng.internal.Invoker.invokeConfigurationMethod(Invoker.java:514)
	at org.testng.internal.Invoker.invokeConfigurations(Invoker.java:215)
	at org.testng.internal.Invoker.invokeConfigurations(Invoker.java:142)
	at org.testng.SuiteRunner.privateRun(SuiteRunner.java:305)
	at org.testng.SuiteRunner.run(SuiteRunner.java:268)
	at org.testng.SuiteRunnerWorker.runSuite(SuiteRunnerWorker.java:52)
	at org.testng.SuiteRunnerWorker.run(SuiteRunnerWorker.java:86)
	at org.testng.TestNG.runSuitesSequentially(TestNG.java:1244)
	at org.testng.TestNG.runSuitesLocally(TestNG.java:1169)
	at org.testng.TestNG.run(TestNG.java:1064)
	at org.apache.maven.surefire.testng.TestNGExecutor.run(TestNGExecutor.java:178)
	at org.apache.maven.surefire.testng.TestNGXmlTestSuite.execute(TestNGXmlTestSuite.java:92)
	at org.apache.maven.surefire.testng.TestNGProvider.invoke(TestNGProvider.java:96)
	at java.base/jdk.internal.reflect.NativeMethodAccessorImpl.invoke0(Native Method)
	at java.base/jdk.internal.reflect.NativeMethodAccessorImpl.invoke(NativeMethodAccessorImpl.java:64)
	at java.base/jdk.internal.reflect.DelegatingMethodAccessorImpl.invoke(DelegatingMethodAccessorImpl.java:43)
	at java.base/java.lang.reflect.Method.invoke(Method.java:564)
	at org.apache.maven.surefire.util.ReflectionUtils.invokeMethodWithArray2(ReflectionUtils.java:208)
	at org.apache.maven.surefire.booter.ProviderFactory$ProviderProxy.invoke(ProviderFactory.java:159)
	at org.apache.maven.surefire.booter.ProviderFactory.invokeProvider(ProviderFactory.java:87)
	at org.apache.maven.surefire.booter.ForkedBooter.runSuitesInProcess(ForkedBooter.java:153)
	at org.apache.maven.surefire.booter.ForkedBooter.main(ForkedBooter.java:95)
</pre></div></td>
<td>0</td>
<td>null</td></tr>
</table><p>
<table width='100%' border='1' class='invocation-skipped'>
<tr><td colspan='4' align='center'><b>SKIPPED CONFIGURATIONS</b></td></tr>
<tr><td><b>Test method</b></td>
<td width="30%"><b>Exception</b></td>
<td width="10%"><b>Time (seconds)</b></td>
<td><b>Instance</b></td>
</tr>
<tr>
<td title='testcases.LoginTests.beforeTest()'><b>beforeTest</b><br>Test class: testcases.LoginTests</td>
<td></td>
<td>0</td>
<td>testcases.LoginTests@135606db</td></tr>
<tr>
<td title='testcases.LoginTests.beforeTest()'><b>beforeTest</b><br>Test class: testcases.LoginTests</td>
<td></td>
<td>0</td>
<td>testcases.LoginTests@135606db</td></tr>
<tr>
<td title='testcases.LoginTests.beforeTest()'><b>beforeTest</b><br>Test class: testcases.LoginTests</td>
<td></td>
<td>0</td>
<td>testcases.LoginTests@135606db</td></tr>
<tr>
<td title='testcases.TrainingSession.beforeTest()'><b>beforeTest</b><br>Test class: testcases.TrainingSession</td>
<td></td>
<td>0</td>
<td>testcases.TrainingSession@68034211</td></tr>
<tr>
<td title='testcases.TrainingSession.beforeTest()'><b>beforeTest</b><br>Test class: testcases.TrainingSession</td>
<td></td>
<td>0</td>
<td>testcases.TrainingSession@68034211</td></tr>
<tr>
<td title='testcases.TrainingSession.beforeTest()'><b>beforeTest</b><br>Test class: testcases.TrainingSession</td>
<td></td>
<td>0</td>
<td>testcases.TrainingSession@68034211</td></tr>
<tr>
<td title='testcases.LoginTests.QuitDriver()'><b>QuitDriver</b><br>Test class: testcases.LoginTests</td>
<td></td>
<td>0</td>
<td>testcases.LoginTests@135606db</td></tr>
<tr>
<td title='testcases.LoginTests.QuitDriver()'><b>QuitDriver</b><br>Test class: testcases.LoginTests</td>
<td></td>
<td>0</td>
<td>testcases.LoginTests@135606db</td></tr>
<tr>
<td title='testcases.LoginTests.QuitDriver()'><b>QuitDriver</b><br>Test class: testcases.LoginTests</td>
<td></td>
<td>0</td>
<td>testcases.LoginTests@135606db</td></tr>
<tr>
<td title='testcases.TrainingSession.QuitDriver()'><b>QuitDriver</b><br>Test class: testcases.TrainingSession</td>
<td></td>
<td>0</td>
<td>testcases.TrainingSession@68034211</td></tr>
<tr>
<td title='testcases.TrainingSession.QuitDriver()'><b>QuitDriver</b><br>Test class: testcases.TrainingSession</td>
<td></td>
<td>0</td>
<td>testcases.TrainingSession@68034211</td></tr>
<tr>
<td title='testcases.TrainingSession.QuitDriver()'><b>QuitDriver</b><br>Test class: testcases.TrainingSession</td>
<td></td>
<td>0</td>
<td>testcases.TrainingSession@68034211</td></tr>
</table><p>
<table width='100%' border='1' class='invocation-skipped'>
<tr><td colspan='4' align='center'><b>SKIPPED TESTS</b></td></tr>
<tr><td><b>Test method</b></td>
<td width="30%"><b>Exception</b></td>
<td width="10%"><b>Time (seconds)</b></td>
<td><b>Instance</b></td>
</tr>
<tr>
<td title='testcases.TrainingSession.AlertWindow()'><b>AlertWindow</b><br>Test class: testcases.TrainingSession<br>Test method: 124640</td>
<td></td>
<td>0</td>
<td>testcases.TrainingSession@68034211</td></tr>
<tr>
<td title='testcases.TrainingSession.JavaScriptAlert()'><b>JavaScriptAlert</b><br>Test class: testcases.TrainingSession<br>Test method: 124640</td>
<td></td>
<td>0</td>
<td>testcases.TrainingSession@68034211</td></tr>
<tr>
<td title='testcases.LoginTests.ListBoxDemo()'><b>ListBoxDemo</b><br>Test class: testcases.LoginTests<br>Test method: 124640</td>
<td></td>
<td>0</td>
<td>testcases.LoginTests@135606db</td></tr>
<tr>
<td title='testcases.LoginTests.Scrolling()'><b>Scrolling</b><br>Test class: testcases.LoginTests<br>Test method: 124640</td>
<td></td>
<td>0</td>
<td>testcases.LoginTests@135606db</td></tr>
<tr>
<td title='testcases.TrainingSession.Slider()'><b>Slider</b><br>Test class: testcases.TrainingSession<br>Test method: 124640</td>
<td></td>
<td>0</td>
<td>testcases.TrainingSession@68034211</td></tr>
<tr>
<td title='testcases.LoginTests.loginIntoApplication()'><b>loginIntoApplication</b><br>Test class: testcases.LoginTests<br>Test method: 124640</td>
<td></td>
<td>0</td>
<td>testcases.LoginTests@135606db</td></tr>
</table><p>
</body>
</html>